<?xml version="1.0" encoding="UTF-8"?>
<!-- Generated by org.testng.reporters.JUnitReportReporter -->
<testsuite skipped="0" hostname="Chitras-MacBook-Air.local" name="com.ui.automation.testcases.AssignmentTestCases" tests="1" failures="0" timestamp="2024-08-22T09:46:01 IST" time="47.874" errors="0">
  <testcase name="assignment" time="47.874" classname="com.ui.automation.testcases.AssignmentTestCases"/>
  <system-out/>
</testsuite> <!-- com.ui.automation.testcases.AssignmentTestCases -->
